<?xml version="1.0" encoding="UTF-8"?>
<!-- Generated by org.testng.reporters.JUnitReportReporter -->
<testsuite hostname="DESKTOP-2232NQT" failures="0" tests="4" name="samplePackage.NewTestClass" time="28.254" errors="0" timestamp="2022-05-10T13:24:13 IST" skipped="0">
  <testcase classname="samplePackage.NewTestClass" name="f" time="7.594"/>
  <system-out/>
  <testcase classname="samplePackage.NewTestClass" name="test2" time="7.712"/>
  <system-out/>
  <testcase classname="samplePackage.NewTestClass" name="test3" time="8.566"/>
  <system-out/>
  <testcase classname="samplePackage.NewTestClass" name="test4" time="4.382"/>
  <system-out/>
</testsuite> <!-- samplePackage.NewTestClass -->
