<?xml version="1.0" encoding="UTF-8"?>
<!-- Generated by org.testng.reporters.JUnitReportReporter -->
<testsuite hostname="DESKTOP-2232NQT" failures="0" tests="1" name="samplePackage.NewClass" time="0.016" errors="0" timestamp="2022-05-10T12:10:43 IST" skipped="0">
  <testcase classname="samplePackage.NewClass" name="f" time="0.016"/>
  <system-out/>
</testsuite> <!-- samplePackage.NewClass -->
